{"/Users/mc/Desktop/Coala/fancy/components/StyledText.tsx": {"path":"/Users/mc/Desktop/Coala/fancy/components/StyledText.tsx","statementMap":{"0":{"start":{"line":6,"column":2},"end":{"line":6,"column":81}}},"fnMap":{"0":{"name":"MonoText","decl":{"start":{"line":5,"column":16},"end":{"line":5,"column":24}},"loc":{"start":{"line":5,"column":43},"end":{"line":7,"column":1}},"line":5}},"branchMap":{},"s":{"0":1},"f":{"0":1},"b":{},"_coverageSchema":"1a1c01bbd47fc00a2c39e90264f33305004495a9","hash":"96566af3854cf33fda980a51ec9972939e9bf645"}
,"/Users/mc/Desktop/Coala/fancy/components/Themed.tsx": {"path":"/Users/mc/Desktop/Coala/fancy/components/Themed.tsx","statementMap":{"0":{"start":{"line":11,"column":16},"end":{"line":11,"column":32}},"1":{"start":{"line":12,"column":25},"end":{"line":12,"column":37}},"2":{"start":{"line":14,"column":2},"end":{"line":18,"column":3}},"3":{"start":{"line":15,"column":4},"end":{"line":15,"column":26}},"4":{"start":{"line":17,"column":4},"end":{"line":17,"column":36}},"5":{"start":{"line":30,"column":58},"end":{"line":30,"column":63}},"6":{"start":{"line":31,"column":16},"end":{"line":31,"column":77}},"7":{"start":{"line":33,"column":2},"end":{"line":33,"column":68}},"8":{"start":{"line":37,"column":58},"end":{"line":37,"column":63}},"9":{"start":{"line":38,"column":26},"end":{"line":38,"column":93}},"10":{"start":{"line":40,"column":2},"end":{"line":40,"column":78}}},"fnMap":{"0":{"name":"useThemeColor","decl":{"start":{"line":7,"column":16},"end":{"line":7,"column":29}},"loc":{"start":{"line":10,"column":2},"end":{"line":19,"column":1}},"line":10},"1":{"name":"Text","decl":{"start":{"line":29,"column":16},"end":{"line":29,"column":20}},"loc":{"start":{"line":29,"column":39},"end":{"line":34,"column":1}},"line":29},"2":{"name":"View","decl":{"start":{"line":36,"column":16},"end":{"line":36,"column":20}},"loc":{"start":{"line":36,"column":39},"end":{"line":41,"column":1}},"line":36}},"branchMap":{"0":{"loc":{"start":{"line":14,"column":2},"end":{"line":18,"column":3}},"type":"if","locations":[{"start":{"line":14,"column":2},"end":{"line":18,"column":3}},{"start":{"line":14,"column":2},"end":{"line":18,"column":3}}],"line":14}},"s":{"0":1,"1":1,"2":1,"3":0,"4":1,"5":1,"6":1,"7":1,"8":0,"9":0,"10":0},"f":{"0":1,"1":1,"2":0},"b":{"0":[0,1]},"_coverageSchema":"1a1c01bbd47fc00a2c39e90264f33305004495a9","hash":"580bfd8b67d3b315079c0846e6e988419442128c"}
,"/Users/mc/Desktop/Coala/fancy/constants/Colors.ts": {"path":"/Users/mc/Desktop/Coala/fancy/constants/Colors.ts","statementMap":{"0":{"start":{"line":1,"column":23},"end":{"line":1,"column":32}},"1":{"start":{"line":2,"column":22},"end":{"line":2,"column":28}}},"fnMap":{},"branchMap":{},"s":{"0":1,"1":1},"f":{},"b":{},"_coverageSchema":"1a1c01bbd47fc00a2c39e90264f33305004495a9","hash":"19b99772b24c510217a5669dc5fa0aaa92282949"}
,"/Users/mc/Desktop/Coala/fancy/hooks/useColorScheme.ts": {"path":"/Users/mc/Desktop/Coala/fancy/hooks/useColorScheme.ts","statementMap":{"0":{"start":{"line":7,"column":2},"end":{"line":7,"column":59}}},"fnMap":{"0":{"name":"useColorScheme","decl":{"start":{"line":6,"column":24},"end":{"line":6,"column":38}},"loc":{"start":{"line":6,"column":71},"end":{"line":8,"column":1}},"line":6}},"branchMap":{},"s":{"0":1},"f":{"0":1},"b":{},"_coverageSchema":"1a1c01bbd47fc00a2c39e90264f33305004495a9","hash":"7a47123b1905ebdd0accd0d34f0df6cd4a2f0d9b"}
,"/Users/mc/Desktop/Coala/fancy/stories/Selector/index.tsx": {"path":"/Users/mc/Desktop/Coala/fancy/stories/Selector/index.tsx","statementMap":{"0":{"start":{"line":16,"column":49},"end":{"line":41,"column":1}},"1":{"start":{"line":17,"column":22},"end":{"line":17,"column":33}},"2":{"start":{"line":18,"column":28},"end":{"line":18,"column":39}},"3":{"start":{"line":19,"column":2},"end":{"line":40,"column":4}},"4":{"start":{"line":24,"column":12},"end":{"line":36,"column":18}},"5":{"start":{"line":26,"column":16},"end":{"line":26,"column":32}},"6":{"start":{"line":27,"column":16},"end":{"line":27,"column":27}},"7":{"start":{"line":43,"column":18},"end":{"line":82,"column":3}},"8":{"start":{"line":43,"column":36},"end":{"line":82,"column":1}}},"fnMap":{"0":{"name":"(anonymous_0)","decl":{"start":{"line":16,"column":49},"end":{"line":16,"column":50}},"loc":{"start":{"line":16,"column":74},"end":{"line":41,"column":1}},"line":16},"1":{"name":"(anonymous_1)","decl":{"start":{"line":23,"column":20},"end":{"line":23,"column":21}},"loc":{"start":{"line":24,"column":12},"end":{"line":36,"column":18}},"line":24},"2":{"name":"(anonymous_2)","decl":{"start":{"line":25,"column":23},"end":{"line":25,"column":24}},"loc":{"start":{"line":25,"column":29},"end":{"line":28,"column":15}},"line":25},"3":{"name":"(anonymous_3)","decl":{"start":{"line":43,"column":29},"end":{"line":43,"column":30}},"loc":{"start":{"line":43,"column":36},"end":{"line":82,"column":1}},"line":43}},"branchMap":{"0":{"loc":{"start":{"line":22,"column":9},"end":{"line":37,"column":12}},"type":"binary-expr","locations":[{"start":{"line":22,"column":9},"end":{"line":22,"column":14}},{"start":{"line":23,"column":10},"end":{"line":37,"column":12}}],"line":22},"1":{"loc":{"start":{"line":31,"column":40},"end":{"line":31,"column":77}},"type":"cond-expr","locations":[{"start":{"line":31,"column":58},"end":{"line":31,"column":67}},{"start":{"line":31,"column":70},"end":{"line":31,"column":77}}],"line":31}},"s":{"0":1,"1":5,"2":5,"3":5,"4":15,"5":2,"6":2,"7":1,"8":1},"f":{"0":5,"1":15,"2":2,"3":1},"b":{"0":[5,5],"1":[5,10]},"_coverageSchema":"1a1c01bbd47fc00a2c39e90264f33305004495a9","hash":"ced31920b38854d2255ab7fd379007865eeffbd4"}
}
